#
# There is insufficient memory for the Java Runtime Environment to continue.
# Native memory allocation (mmap) failed to map 132120576 bytes for G1 virtual space
# Possible reasons:
#   The system is out of physical RAM or swap space
#   The process is running with CompressedOops enabled, and the Java Heap may be blocking the growth of the native heap
# Possible solutions:
#   Reduce memory load on the system
#   Increase physical memory or swap space
#   Check if swap backing store is full
#   Decrease Java heap size (-Xmx/-Xms)
#   Decrease number of Java threads
#   Decrease Java thread stack sizes (-Xss)
#   Set larger code cache with -XX:ReservedCodeCacheSize=
#   JVM is running with Unscaled Compressed Oops mode in which the Java heap is
#     placed in the first 4GB address space. The Java Heap base address is the
#     maximum limit for the native heap growth. Please use -XX:HeapBaseMinAddress
#     to set the Java Heap base and to place the Java Heap above 4GB virtual address.
# This output file may be truncated or incomplete.
#
#  Out of Memory Error (os_windows.cpp:3528), pid=20248, tid=4092
#
# JRE version:  (20.0.1+9) (build )
# Java VM: Java HotSpot(TM) 64-Bit Server VM (20.0.1+9-29, mixed mode, sharing, tiered, compressed oops, compressed class ptrs, g1 gc, windows-amd64)
# No core dump will be written. Minidumps are not enabled by default on client versions of Windows
#

---------------  S U M M A R Y ------------

Command Line: -Dfile.encoding=UTF-8 atm.ATM

Host: 11th Gen Intel(R) Core(TM) i5-1135G7 @ 2.40GHz, 8 cores, 7G,  Windows 11 , 64 bit Build 22621 (10.0.22621.2506)
Time: Wed Nov 29 17:25:01 2023 India Standard Time elapsed time: 0.010517 seconds (0d 0h 0m 0s)

---------------  T H R E A D  ---------------

Current thread (0x000002a38e3ce9b0):  JavaThread "Unknown thread" [_thread_in_vm, id=4092, stack(0x000000ed7bf00000,0x000000ed7c000000)]

Stack: [0x000000ed7bf00000,0x000000ed7c000000]
Native frames: (J=compiled Java code, j=interpreted, Vv=VM code, C=native code)
V  [jvm.dll+0x6bb95a]
V  [jvm.dll+0x8485fa]
V  [jvm.dll+0x84a1f5]
V  [jvm.dll+0x84a8f3]
V  [jvm.dll+0x280b0f]
V  [jvm.dll+0x6b86e9]
V  [jvm.dll+0x6ad2da]
V  [jvm.dll+0x35adf5]
V  [jvm.dll+0x363016]
V  [jvm.dll+0x3b3b3e]
V  [jvm.dll+0x3b3dc5]
V  [jvm.dll+0x32b50a]
V  [jvm.dll+0x32c32b]
V  [jvm.dll+0x8112bf]
V  [jvm.dll+0x3c0d91]
V  [jvm.dll+0x7fcfe3]
V  [jvm.dll+0x44c76f]
V  [jvm.dll+0x44e0e1]
C  [jli.dll+0x5287]
C  [ucrtbase.dll+0x29363]
C  [KERNEL32.DLL+0x1257d]
C  [ntdll.dll+0x5aa58]


---------------  P R O C E S S  ---------------

Threads class SMR info:
_java_thread_list=0x00007ffdc026a098, length=0, elements={
}

Java Threads: ( => current thread )

Other Threads:
  0x000002a3904f7af0 WorkerThread "GC Thread#0" [stack: 0x000000ed7c000000,0x000000ed7c100000] [id=4704]
  0x000002a3905091a0 ConcurrentGCThread "G1 Main Marker" [stack: 0x000000ed7c100000,0x000000ed7c200000] [id=920]
  0x000002a390509c80 WorkerThread "G1 Conc#0" [stack: 0x000000ed7c200000,0x000000ed7c300000] [id=16996]

[error occurred during error reporting (printing all threads), id 0xc0000005, EXCEPTION_ACCESS_VIOLATION (0xc0000005) at pc=0x00007ffdbfa4eb47]
VM state: not at safepoint (not fully initialized)

VM Mutex/Monitor currently owned by a thread:  ([mutex/lock_event])
[0x000002a390495150] Heap_lock - owner thread: 0x000002a38e3ce9b0

Heap address: 0x0000000083c00000, size: 1988 MB, Compressed Oops mode: 32-bit

CDS archive(s) mapped at: [0x0000000000000000-0x0000000000000000-0x0000000000000000), size 0, SharedBaseAddress: 0x0000000800000000, ArchiveRelocationMode: 0.
Narrow klass base: 0x0000000000000000, Narrow klass shift: 0, Narrow klass range: 0x0

GC Precious Log:
 CardTable entry size: 512
 Card Set container configuration: InlinePtr #cards 5 size 8 Array Of Cards #cards 12 size 40 Howl #buckets 4 coarsen threshold 1843 Howl Bitmap #cards 512 size 80 coarsen threshold 460 Card regions per heap region 1 cards per card region 2048

Heap:
 garbage-first heap   total 0K, used 0K [0x0000000083c00000, 0x0000000100000000)
  region size 1024K, 0 young (0K), 0 survivors (0K)

[error occurred during error reporting (printing heap information), id 0xc0000005, EXCEPTION_ACCESS_VIOLATION (0xc0000005) at pc=0x00007ffdbfe23c59]
GC Heap History (0 events):
No events

Dll operation events (1 events):
Event: 0.006 Loaded shared library C:\Program Files\Java\jdk-20\bin\java.dll

Deoptimization events (0 events):
No events

Classes loaded (0 events):
No events

Classes unloaded (0 events):
No events

Classes redefined (0 events):
No events

Internal exceptions (0 events):
No events

VM Operations (0 events):
No events

Events (0 events):
No events


Dynamic libraries:
0x00007ff736d50000 - 0x00007ff736d60000 	C:\Program Files\Java\jdk-20\bin\java.exe
0x00007ffe7d630000 - 0x00007ffe7d847000 	C:\WINDOWS\SYSTEM32\ntdll.dll
0x00007ffe7b3f0000 - 0x00007ffe7b4b4000 	C:\WINDOWS\System32\KERNEL32.DLL
0x00007ffe7ad20000 - 0x00007ffe7b0c5000 	C:\WINDOWS\System32\KERNELBASE.dll
0x00007ffe7ac00000 - 0x00007ffe7ad11000 	C:\WINDOWS\System32\ucrtbase.dll
0x00007ffe56c00000 - 0x00007ffe56c19000 	C:\Program Files\Java\jdk-20\bin\jli.dll
0x00007ffe60ec0000 - 0x00007ffe60edb000 	C:\Program Files\Java\jdk-20\bin\VCRUNTIME140.dll
0x00007ffe7b4c0000 - 0x00007ffe7b571000 	C:\WINDOWS\System32\ADVAPI32.dll
0x00007ffe7c7c0000 - 0x00007ffe7c867000 	C:\WINDOWS\System32\msvcrt.dll
0x00007ffe7c9a0000 - 0x00007ffe7ca46000 	C:\WINDOWS\System32\sechost.dll
0x00007ffe7ca50000 - 0x00007ffe7cb67000 	C:\WINDOWS\System32\RPCRT4.dll
0x00007ffe7bfb0000 - 0x00007ffe7c15e000 	C:\WINDOWS\System32\USER32.dll
0x00007ffe7ab30000 - 0x00007ffe7ab56000 	C:\WINDOWS\System32\win32u.dll
0x00007ffe7c8d0000 - 0x00007ffe7c8f9000 	C:\WINDOWS\System32\GDI32.dll
0x00007ffe5bcd0000 - 0x00007ffe5bf63000 	C:\WINDOWS\WinSxS\amd64_microsoft.windows.common-controls_6595b64144ccf1df_6.0.22621.2506_none_270c5ae97388e100\COMCTL32.dll
0x00007ffe7a9a0000 - 0x00007ffe7aab9000 	C:\WINDOWS\System32\gdi32full.dll
0x00007ffe7ab60000 - 0x00007ffe7abfa000 	C:\WINDOWS\System32\msvcp_win.dll
0x00007ffe706e0000 - 0x00007ffe706ea000 	C:\WINDOWS\SYSTEM32\VERSION.dll
0x00007ffe7bab0000 - 0x00007ffe7bae1000 	C:\WINDOWS\System32\IMM32.DLL
0x00007ffe6b280000 - 0x00007ffe6b28c000 	C:\Program Files\Java\jdk-20\bin\vcruntime140_1.dll
0x00007ffe5b1b0000 - 0x00007ffe5b23e000 	C:\Program Files\Java\jdk-20\bin\msvcp140.dll
0x00007ffdbf710000 - 0x00007ffdc03a7000 	C:\Program Files\Java\jdk-20\bin\server\jvm.dll
0x00007ffe713b0000 - 0x00007ffe713e4000 	C:\WINDOWS\SYSTEM32\WINMM.dll
0x00007ffe53390000 - 0x00007ffe53399000 	C:\WINDOWS\SYSTEM32\WSOCK32.dll
0x00007ffe7bcd0000 - 0x00007ffe7bd41000 	C:\WINDOWS\System32\WS2_32.dll
0x00007ffe799a0000 - 0x00007ffe799b8000 	C:\WINDOWS\SYSTEM32\kernel.appcore.dll
0x00007ffe66a70000 - 0x00007ffe66a7a000 	C:\Program Files\Java\jdk-20\bin\jimage.dll
0x00007ffe78280000 - 0x00007ffe784b3000 	C:\WINDOWS\SYSTEM32\DBGHELP.DLL
0x00007ffe7b580000 - 0x00007ffe7b909000 	C:\WINDOWS\System32\combase.dll
0x00007ffe7baf0000 - 0x00007ffe7bbc7000 	C:\WINDOWS\System32\OLEAUT32.dll
0x00007ffe69f80000 - 0x00007ffe69fb2000 	C:\WINDOWS\SYSTEM32\dbgcore.DLL
0x00007ffe7b300000 - 0x00007ffe7b37a000 	C:\WINDOWS\System32\bcryptPrimitives.dll
0x00007ffe5d870000 - 0x00007ffe5d896000 	C:\Program Files\Java\jdk-20\bin\java.dll

dbghelp: loaded successfully - version: 4.0.5 - missing functions: none
symbol engine: initialized successfully - sym options: 0x614 - pdb path: .;C:\Program Files\Java\jdk-20\bin;C:\WINDOWS\SYSTEM32;C:\WINDOWS\WinSxS\amd64_microsoft.windows.common-controls_6595b64144ccf1df_6.0.22621.2506_none_270c5ae97388e100;C:\Program Files\Java\jdk-20\bin\server

VM Arguments:
jvm_args: -Dfile.encoding=UTF-8 
java_command: atm.ATM
java_class_path (initial): C:\Users\supriya p nadgir\Downloads\mysql-connector.jar;C:\xampp\htdocs\xampp\ATM\ATM\ATM\build\classes
Launcher Type: SUN_STANDARD

[Global flags]
     intx CICompilerCount                          = 4                                         {product} {ergonomic}
     uint ConcGCThreads                            = 2                                         {product} {ergonomic}
     uint G1ConcRefinementThreads                  = 8                                         {product} {ergonomic}
   size_t G1HeapRegionSize                         = 1048576                                   {product} {ergonomic}
    uintx GCDrainStackTargetSize                   = 64                                        {product} {ergonomic}
   size_t InitialHeapSize                          = 132120576                                 {product} {ergonomic}
   size_t MarkStackSize                            = 4194304                                   {product} {ergonomic}
   size_t MaxHeapSize                              = 2084569088                                {product} {ergonomic}
   size_t MinHeapDeltaBytes                        = 1048576                                   {product} {ergonomic}
   size_t MinHeapSize                              = 8388608                                   {product} {ergonomic}
    uintx NonNMethodCodeHeapSize                   = 5839372                                {pd product} {ergonomic}
    uintx NonProfiledCodeHeapSize                  = 122909434                              {pd product} {ergonomic}
    uintx ProfiledCodeHeapSize                     = 122909434                              {pd product} {ergonomic}
    uintx ReservedCodeCacheSize                    = 251658240                              {pd product} {ergonomic}
     bool SegmentedCodeCache                       = true                                      {product} {ergonomic}
   size_t SoftMaxHeapSize                          = 2084569088                             {manageable} {ergonomic}
     bool UseCompressedClassPointers               = true                           {product lp64_product} {ergonomic}
     bool UseCompressedOops                        = true                           {product lp64_product} {ergonomic}
     bool UseG1GC                                  = true                                      {product} {ergonomic}
     bool UseLargePagesIndividualAllocation        = false                                  {pd product} {ergonomic}

Logging:
Log output configuration:
 #0: stdout all=warning uptime,level,tags foldmultilines=false
 #1: stderr all=off uptime,level,tags foldmultilines=false

Environment Variables:
JAVA_HOME=C:\Program Files\Java\jdk-18.0.2.1
PATH=C:\Program Files\Common Files\Oracle\Java\javapath;C:\Program Files\Python310\Scripts\;C:\Program Files\Python310\;C:\Program Files\aircrack-ng-1.2-win\bin\64bit;C:\Program Files\Java\jdk-18.0.2.1\bin;C:\Program Files (x86)\Flash Magic;C:\WINDOWS\system32;C:\WINDOWS;C:\WINDOWS\System32\Wbem;C:\WINDOWS\System32\WindowsPowerShell\v1.0\;C:\WINDOWS\System32\OpenSSH\;C:\Program Files\MySQL\MySQL Server 8.0\bin;C:\Users\supriya p nadgir\OneDrive\Desktop\php;C:\Program Files (x86)\Common Files\DivX Shared\DesktopService;C:\Program Files\Git\cmd;C:\Program Files\Java\jdk-20\bin;C:\Users\supriya p nadgir\AppData\Local\Microsoft\WindowsApps;C:\Users\supriya p nadgir\AppData\Local\Programs\Microsoft VS Code\bin;C:\Program Files\Common Files\Oracle\Java\javapath;C:\Program Files\Python310\Scripts\;C:\Program Files\Python310\;C:\Program Files\aircrack-ng-1.2-win\bin\64bit;C:\Program Files\Java\jdk-18.0.2.1\bin;C:\Program Files (x86)\Flash Magic;C:\WINDOWS\system32;C:\WINDOWS;C:\WINDOWS\System32\Wbem;C:\WINDOWS\System32\WindowsPowerShell\v1.0\;C:\WINDOWS\System32\OpenSSH\;C:\Program Files\MySQL\MySQL Server 8.0\bin;C:\Users\supriya p nadgir\OneDrive\Desktop\php;C:\Program Files (x86)\Common Files\DivX Shared\DesktopService;C:\Program Files\Git\cmd;C:\Program Files\Java\jdk-20\bin;;C:\PROGRA~2\FLASHM~1
USERNAME=supriya p nadgir
OS=Windows_NT
PROCESSOR_IDENTIFIER=Intel64 Family 6 Model 140 Stepping 1, GenuineIntel
TMP=C:\Users\SUPRIY~1\AppData\Local\Temp
TEMP=C:\Users\SUPRIY~1\AppData\Local\Temp




---------------  S Y S T E M  ---------------

OS:
 Windows 11 , 64 bit Build 22621 (10.0.22621.2506)
OS uptime: 0 days 0:50 hours
Hyper-V role detected

CPU: total 8 (initial active 8) (4 cores per cpu, 2 threads per core) family 6 model 140 stepping 1 microcode 0xac, cx8, cmov, fxsr, ht, mmx, 3dnowpref, sse, sse2, sse3, ssse3, sse4.1, sse4.2, popcnt, lzcnt, tsc, tscinvbit, avx, avx2, aes, erms, clmul, bmi1, bmi2, adx, avx512f, avx512dq, avx512cd, avx512bw, avx512vl, sha, fma, vzeroupper, avx512_vpopcntdq, avx512_vpclmulqdq, avx512_vaes, avx512_vnni, clflush, clflushopt, clwb, avx512_vbmi2, avx512_vbmi, hv, rdtscp, rdpid, fsrm, gfni, avx512_bitalg, f16c, cet_ibt, cet_ss, avx512_ifma

Memory: 4k page, system-wide physical 7948M (743M free)
TotalPageFile size 10948M (AvailPageFile size 119M)
current process WorkingSet (physical memory assigned to process): 11M, peak: 11M
current process commit charge ("private bytes"): 60M, peak: 186M

vm_info: Java HotSpot(TM) 64-Bit Server VM (20.0.1+9-29) for windows-amd64 JRE (20.0.1+9-29), built on 2023-03-07T13:56:11Z by "mach5one" with MS VC++ 17.1 (VS2022)

END.
